2018-09-08 12:09:37.611 [main] INFO  o.s.c.a.AnnotationConfigApplicationContext - Refreshing org.springframework.context.annotation.AnnotationConfigApplicationContext@46cc127b: startup date [Sat Sep 08 12:09:37 CST 2018]; root of context hierarchy
2018-09-08 12:09:38.422 [main] INFO  o.s.b.f.a.AutowiredAnnotationBeanPostProcessor - JSR-330 'javax.inject.Inject' annotation found and supported for autowiring
2018-09-08 12:09:38.670 [main] INFO  o.s.c.s.PostProcessorRegistrationDelegate$BeanPostProcessorChecker - Bean 'configurationPropertiesRebinderAutoConfiguration' of type [org.springframework.cloud.autoconfigure.ConfigurationPropertiesRebinderAutoConfiguration$$EnhancerBySpringCGLIB$$c0eaff8b] is not eligible for getting processed by all BeanPostProcessors (for example: not eligible for auto-proxying)
2018-09-08 12:09:45.646 [main] INFO  o.s.c.b.c.PropertySourceBootstrapConfiguration - Located property source: CompositePropertySource {name='consul', propertySources=[ConsulPropertySource {name='config/saber-auth/'}, ConsulPropertySource {name='config/application/'}]}
2018-09-08 12:09:45.658 [main] INFO  fgo.saber.ex.auth.LogTest - No active profile set, falling back to default profiles: default
2018-09-08 12:09:45.663 [main] INFO  o.s.w.context.support.GenericWebApplicationContext - Refreshing org.springframework.web.context.support.GenericWebApplicationContext@a66e580: startup date [Sat Sep 08 12:09:45 CST 2018]; parent: org.springframework.context.annotation.AnnotationConfigApplicationContext@46cc127b
2018-09-08 12:09:47.796 [main] WARN  org.mybatis.spring.mapper.ClassPathMapperScanner - No MyBatis mapper was found in '[fgo.saber.ex.auth]' package. Please check your configuration.
2018-09-08 12:09:50.025 [main] INFO  o.springframework.cloud.context.scope.GenericScope - BeanFactory id=cc03ef7e-a44b-391e-a9c3-2eb3e5a64722
2018-09-08 12:09:50.159 [main] INFO  o.s.b.f.a.AutowiredAnnotationBeanPostProcessor - JSR-330 'javax.inject.Inject' annotation found and supported for autowiring
2018-09-08 12:09:50.389 [main] INFO  o.s.c.s.PostProcessorRegistrationDelegate$BeanPostProcessorChecker - Bean 'org.springframework.transaction.annotation.ProxyTransactionManagementConfiguration' of type [org.springframework.transaction.annotation.ProxyTransactionManagementConfiguration$$EnhancerBySpringCGLIB$$a4d0fc8e] is not eligible for getting processed by all BeanPostProcessors (for example: not eligible for auto-proxying)
2018-09-08 12:09:50.494 [main] INFO  o.s.c.s.PostProcessorRegistrationDelegate$BeanPostProcessorChecker - Bean 'org.springframework.cloud.autoconfigure.ConfigurationPropertiesRebinderAutoConfiguration' of type [org.springframework.cloud.autoconfigure.ConfigurationPropertiesRebinderAutoConfiguration$$EnhancerBySpringCGLIB$$c0eaff8b] is not eligible for getting processed by all BeanPostProcessors (for example: not eligible for auto-proxying)
2018-09-08 12:09:51.631 [main] WARN  com.netflix.config.sources.URLConfigurationSource - No URLs will be polled as dynamic configuration sources.
2018-09-08 12:09:51.632 [main] INFO  com.netflix.config.sources.URLConfigurationSource - To enable URLs as dynamic configuration sources, define System property archaius.configurationSource.additionalUrls or make config.properties available on classpath.
2018-09-08 12:09:51.644 [main] WARN  com.netflix.config.sources.URLConfigurationSource - No URLs will be polled as dynamic configuration sources.
2018-09-08 12:09:51.644 [main] INFO  com.netflix.config.sources.URLConfigurationSource - To enable URLs as dynamic configuration sources, define System property archaius.configurationSource.additionalUrls or make config.properties available on classpath.
2018-09-08 12:09:52.098 [main] INFO  o.s.web.servlet.handler.SimpleUrlHandlerMapping - Mapped URL path [/**/favicon.ico] onto handler of type [class org.springframework.web.servlet.resource.ResourceHttpRequestHandler]
2018-09-08 12:09:52.927 [main] INFO  o.s.w.s.m.m.a.RequestMappingHandlerAdapter - Looking for @ControllerAdvice: org.springframework.web.context.support.GenericWebApplicationContext@a66e580: startup date [Sat Sep 08 12:09:45 CST 2018]; parent: org.springframework.context.annotation.AnnotationConfigApplicationContext@46cc127b
2018-09-08 12:09:53.312 [main] INFO  o.s.w.s.m.m.a.RequestMappingHandlerMapping - Mapped "{[/error]}" onto public org.springframework.http.ResponseEntity<java.util.Map<java.lang.String, java.lang.Object>> org.springframework.boot.autoconfigure.web.servlet.error.BasicErrorController.error(javax.servlet.http.HttpServletRequest)
2018-09-08 12:09:53.316 [main] INFO  o.s.w.s.m.m.a.RequestMappingHandlerMapping - Mapped "{[/error],produces=[text/html]}" onto public org.springframework.web.servlet.ModelAndView org.springframework.boot.autoconfigure.web.servlet.error.BasicErrorController.errorHtml(javax.servlet.http.HttpServletRequest,javax.servlet.http.HttpServletResponse)
2018-09-08 12:09:53.560 [main] INFO  o.s.web.servlet.handler.SimpleUrlHandlerMapping - Mapped URL path [/webjars/**] onto handler of type [class org.springframework.web.servlet.resource.ResourceHttpRequestHandler]
2018-09-08 12:09:53.567 [main] INFO  o.s.web.servlet.handler.SimpleUrlHandlerMapping - Mapped URL path [/**] onto handler of type [class org.springframework.web.servlet.resource.ResourceHttpRequestHandler]
2018-09-08 12:09:54.282 [main] INFO  c.a.d.s.b.a.DruidDataSourceAutoConfigure - Init DruidDataSource
2018-09-08 12:09:54.791 [main] INFO  com.alibaba.druid.pool.DruidDataSource - {dataSource-1} inited
2018-09-08 12:09:58.129 [main] INFO  o.s.scheduling.concurrent.ThreadPoolTaskScheduler - Initializing ExecutorService  'catalogWatchTaskScheduler'
2018-09-08 12:09:58.306 [main] INFO  o.s.scheduling.concurrent.ThreadPoolTaskScheduler - Initializing ExecutorService  'configWatchTaskScheduler'
2018-09-08 12:09:58.362 [main] INFO  o.s.b.actuate.endpoint.web.EndpointLinksResolver - Exposing 2 endpoint(s) beneath base path '/actuator'
2018-09-08 12:09:58.383 [main] INFO  o.s.b.a.e.web.servlet.WebMvcEndpointHandlerMapping - Mapped "{[/actuator/health],methods=[GET],produces=[application/vnd.spring-boot.actuator.v2+json || application/json]}" onto public java.lang.Object org.springframework.boot.actuate.endpoint.web.servlet.AbstractWebMvcEndpointHandlerMapping$OperationHandler.handle(javax.servlet.http.HttpServletRequest,java.util.Map<java.lang.String, java.lang.String>)
2018-09-08 12:09:58.391 [main] INFO  o.s.b.a.e.web.servlet.WebMvcEndpointHandlerMapping - Mapped "{[/actuator/info],methods=[GET],produces=[application/vnd.spring-boot.actuator.v2+json || application/json]}" onto public java.lang.Object org.springframework.boot.actuate.endpoint.web.servlet.AbstractWebMvcEndpointHandlerMapping$OperationHandler.handle(javax.servlet.http.HttpServletRequest,java.util.Map<java.lang.String, java.lang.String>)
2018-09-08 12:09:58.393 [main] INFO  o.s.b.a.e.web.servlet.WebMvcEndpointHandlerMapping - Mapped "{[/actuator],methods=[GET],produces=[application/vnd.spring-boot.actuator.v2+json || application/json]}" onto protected java.util.Map<java.lang.String, java.util.Map<java.lang.String, org.springframework.boot.actuate.endpoint.web.Link>> org.springframework.boot.actuate.endpoint.web.servlet.WebMvcEndpointHandlerMapping.links(javax.servlet.http.HttpServletRequest,javax.servlet.http.HttpServletResponse)
2018-09-08 12:09:58.546 [main] INFO  o.s.context.support.DefaultLifecycleProcessor - Starting beans in phase 0
2018-09-08 12:09:58.591 [main] INFO  fgo.saber.ex.auth.LogTest - Started LogTest in 23.074 seconds (JVM running for 25.86)
2018-09-08 12:09:58.763 [main] INFO  fgo.saber.ex.auth.LogTest - hello world: saber
2018-09-08 12:09:58.763 [main] WARN  fgo.saber.ex.auth.LogTest - hello world: saber
2018-09-08 12:09:58.780 [Thread-7] INFO  o.s.w.context.support.GenericWebApplicationContext - Closing org.springframework.web.context.support.GenericWebApplicationContext@a66e580: startup date [Sat Sep 08 12:09:45 CST 2018]; parent: org.springframework.context.annotation.AnnotationConfigApplicationContext@46cc127b
2018-09-08 12:09:58.783 [Thread-7] INFO  o.s.context.support.DefaultLifecycleProcessor - Stopping beans in phase 0
2018-09-08 12:09:58.788 [Thread-7] INFO  o.s.scheduling.concurrent.ThreadPoolTaskScheduler - Shutting down ExecutorService 'configWatchTaskScheduler'
2018-09-08 12:09:58.789 [Thread-7] INFO  o.s.scheduling.concurrent.ThreadPoolTaskScheduler - Shutting down ExecutorService 'catalogWatchTaskScheduler'
2018-09-08 12:09:58.796 [Thread-7] INFO  com.alibaba.druid.pool.DruidDataSource - {dataSource-1} closed
