2018-09-09 18:05:28.588 [main] INFO  o.s.c.a.AnnotationConfigApplicationContext - Refreshing org.springframework.context.annotation.AnnotationConfigApplicationContext@3f3ddbd9: startup date [Sun Sep 09 18:05:28 CST 2018]; root of context hierarchy
2018-09-09 18:05:29.134 [main] INFO  o.s.b.f.a.AutowiredAnnotationBeanPostProcessor - JSR-330 'javax.inject.Inject' annotation found and supported for autowiring
2018-09-09 18:05:29.336 [main] INFO  o.s.c.s.PostProcessorRegistrationDelegate$BeanPostProcessorChecker - Bean 'configurationPropertiesRebinderAutoConfiguration' of type [org.springframework.cloud.autoconfigure.ConfigurationPropertiesRebinderAutoConfiguration$$EnhancerBySpringCGLIB$$ffbe991b] is not eligible for getting processed by all BeanPostProcessors (for example: not eligible for auto-proxying)
2018-09-09 18:05:31.640 [main] INFO  o.s.c.b.c.PropertySourceBootstrapConfiguration - Located property source: CompositePropertySource {name='consul', propertySources=[ConsulPropertySource {name='config/saber-auth/'}, ConsulPropertySource {name='config/application/'}]}
2018-09-09 18:05:31.652 [main] INFO  fgo.saber.ex.auth.T.T1 - No active profile set, falling back to default profiles: default
2018-09-09 18:05:31.658 [main] INFO  o.s.w.context.support.GenericWebApplicationContext - Refreshing org.springframework.web.context.support.GenericWebApplicationContext@7da31a40: startup date [Sun Sep 09 18:05:31 CST 2018]; parent: org.springframework.context.annotation.AnnotationConfigApplicationContext@3f3ddbd9
2018-09-09 18:05:33.100 [main] INFO  o.s.w.context.support.GenericWebApplicationContext - Closing org.springframework.web.context.support.GenericWebApplicationContext@7da31a40: startup date [Sun Sep 09 18:05:31 CST 2018]; parent: org.springframework.context.annotation.AnnotationConfigApplicationContext@3f3ddbd9
2018-09-09 18:06:27.464 [main] INFO  o.s.c.a.AnnotationConfigApplicationContext - Refreshing org.springframework.context.annotation.AnnotationConfigApplicationContext@315ba14a: startup date [Sun Sep 09 18:06:27 CST 2018]; root of context hierarchy
2018-09-09 18:06:28.188 [main] INFO  o.s.b.f.a.AutowiredAnnotationBeanPostProcessor - JSR-330 'javax.inject.Inject' annotation found and supported for autowiring
2018-09-09 18:06:28.299 [main] INFO  o.s.c.s.PostProcessorRegistrationDelegate$BeanPostProcessorChecker - Bean 'configurationPropertiesRebinderAutoConfiguration' of type [org.springframework.cloud.autoconfigure.ConfigurationPropertiesRebinderAutoConfiguration$$EnhancerBySpringCGLIB$$25803071] is not eligible for getting processed by all BeanPostProcessors (for example: not eligible for auto-proxying)
2018-09-09 18:06:30.663 [main] INFO  o.s.c.b.c.PropertySourceBootstrapConfiguration - Located property source: CompositePropertySource {name='consul', propertySources=[ConsulPropertySource {name='config/saber-auth/'}, ConsulPropertySource {name='config/application/'}]}
2018-09-09 18:06:30.680 [main] INFO  fgo.saber.ex.auth.T.T1 - No active profile set, falling back to default profiles: default
2018-09-09 18:06:30.685 [main] INFO  o.s.w.context.support.GenericWebApplicationContext - Refreshing org.springframework.web.context.support.GenericWebApplicationContext@11e355ca: startup date [Sun Sep 09 18:06:30 CST 2018]; parent: org.springframework.context.annotation.AnnotationConfigApplicationContext@315ba14a
2018-09-09 18:06:31.873 [main] WARN  org.mybatis.spring.mapper.ClassPathMapperScanner - No MyBatis mapper was found in '[fgo.saber.ex.auth]' package. Please check your configuration.
2018-09-09 18:06:33.678 [main] INFO  o.springframework.cloud.context.scope.GenericScope - BeanFactory id=cc03ef7e-a44b-391e-a9c3-2eb3e5a64722
2018-09-09 18:06:33.887 [main] INFO  o.s.b.f.a.AutowiredAnnotationBeanPostProcessor - JSR-330 'javax.inject.Inject' annotation found and supported for autowiring
2018-09-09 18:06:34.242 [main] INFO  o.s.c.s.PostProcessorRegistrationDelegate$BeanPostProcessorChecker - Bean 'org.springframework.transaction.annotation.ProxyTransactionManagementConfiguration' of type [org.springframework.transaction.annotation.ProxyTransactionManagementConfiguration$$EnhancerBySpringCGLIB$$9662d74] is not eligible for getting processed by all BeanPostProcessors (for example: not eligible for auto-proxying)
2018-09-09 18:06:34.318 [main] INFO  o.s.c.s.PostProcessorRegistrationDelegate$BeanPostProcessorChecker - Bean 'org.springframework.cloud.autoconfigure.ConfigurationPropertiesRebinderAutoConfiguration' of type [org.springframework.cloud.autoconfigure.ConfigurationPropertiesRebinderAutoConfiguration$$EnhancerBySpringCGLIB$$25803071] is not eligible for getting processed by all BeanPostProcessors (for example: not eligible for auto-proxying)
2018-09-09 18:06:35.204 [main] WARN  com.netflix.config.sources.URLConfigurationSource - No URLs will be polled as dynamic configuration sources.
2018-09-09 18:06:35.204 [main] INFO  com.netflix.config.sources.URLConfigurationSource - To enable URLs as dynamic configuration sources, define System property archaius.configurationSource.additionalUrls or make config.properties available on classpath.
2018-09-09 18:06:35.220 [main] WARN  com.netflix.config.sources.URLConfigurationSource - No URLs will be polled as dynamic configuration sources.
2018-09-09 18:06:35.220 [main] INFO  com.netflix.config.sources.URLConfigurationSource - To enable URLs as dynamic configuration sources, define System property archaius.configurationSource.additionalUrls or make config.properties available on classpath.
2018-09-09 18:06:35.708 [main] INFO  o.s.web.servlet.handler.SimpleUrlHandlerMapping - Mapped URL path [/**/favicon.ico] onto handler of type [class org.springframework.web.servlet.resource.ResourceHttpRequestHandler]
2018-09-09 18:06:36.462 [main] INFO  o.s.w.s.m.m.a.RequestMappingHandlerAdapter - Looking for @ControllerAdvice: org.springframework.web.context.support.GenericWebApplicationContext@11e355ca: startup date [Sun Sep 09 18:06:30 CST 2018]; parent: org.springframework.context.annotation.AnnotationConfigApplicationContext@315ba14a
2018-09-09 18:06:36.655 [main] INFO  o.s.w.s.m.m.a.RequestMappingHandlerMapping - Mapped "{[/error]}" onto public org.springframework.http.ResponseEntity<java.util.Map<java.lang.String, java.lang.Object>> org.springframework.boot.autoconfigure.web.servlet.error.BasicErrorController.error(javax.servlet.http.HttpServletRequest)
2018-09-09 18:06:36.657 [main] INFO  o.s.w.s.m.m.a.RequestMappingHandlerMapping - Mapped "{[/error],produces=[text/html]}" onto public org.springframework.web.servlet.ModelAndView org.springframework.boot.autoconfigure.web.servlet.error.BasicErrorController.errorHtml(javax.servlet.http.HttpServletRequest,javax.servlet.http.HttpServletResponse)
2018-09-09 18:06:36.744 [main] INFO  o.s.web.servlet.handler.SimpleUrlHandlerMapping - Mapped URL path [/webjars/**] onto handler of type [class org.springframework.web.servlet.resource.ResourceHttpRequestHandler]
2018-09-09 18:06:36.744 [main] INFO  o.s.web.servlet.handler.SimpleUrlHandlerMapping - Mapped URL path [/**] onto handler of type [class org.springframework.web.servlet.resource.ResourceHttpRequestHandler]
2018-09-09 18:06:37.226 [main] INFO  c.a.d.s.b.a.DruidDataSourceAutoConfigure - Init DruidDataSource
2018-09-09 18:06:37.513 [main] INFO  com.alibaba.druid.pool.DruidDataSource - {dataSource-1} inited
2018-09-09 18:06:42.401 [main] INFO  o.s.scheduling.concurrent.ThreadPoolTaskScheduler - Initializing ExecutorService  'catalogWatchTaskScheduler'
2018-09-09 18:06:42.833 [main] INFO  o.s.scheduling.concurrent.ThreadPoolTaskScheduler - Initializing ExecutorService  'configWatchTaskScheduler'
2018-09-09 18:06:42.907 [main] INFO  o.s.b.actuate.endpoint.web.EndpointLinksResolver - Exposing 2 endpoint(s) beneath base path '/actuator'
2018-09-09 18:06:42.996 [main] INFO  o.s.b.a.e.web.servlet.WebMvcEndpointHandlerMapping - Mapped "{[/actuator/health],methods=[GET],produces=[application/vnd.spring-boot.actuator.v2+json || application/json]}" onto public java.lang.Object org.springframework.boot.actuate.endpoint.web.servlet.AbstractWebMvcEndpointHandlerMapping$OperationHandler.handle(javax.servlet.http.HttpServletRequest,java.util.Map<java.lang.String, java.lang.String>)
2018-09-09 18:06:42.997 [main] INFO  o.s.b.a.e.web.servlet.WebMvcEndpointHandlerMapping - Mapped "{[/actuator/info],methods=[GET],produces=[application/vnd.spring-boot.actuator.v2+json || application/json]}" onto public java.lang.Object org.springframework.boot.actuate.endpoint.web.servlet.AbstractWebMvcEndpointHandlerMapping$OperationHandler.handle(javax.servlet.http.HttpServletRequest,java.util.Map<java.lang.String, java.lang.String>)
2018-09-09 18:06:42.999 [main] INFO  o.s.b.a.e.web.servlet.WebMvcEndpointHandlerMapping - Mapped "{[/actuator],methods=[GET],produces=[application/vnd.spring-boot.actuator.v2+json || application/json]}" onto protected java.util.Map<java.lang.String, java.util.Map<java.lang.String, org.springframework.boot.actuate.endpoint.web.Link>> org.springframework.boot.actuate.endpoint.web.servlet.WebMvcEndpointHandlerMapping.links(javax.servlet.http.HttpServletRequest,javax.servlet.http.HttpServletResponse)
2018-09-09 18:06:43.247 [main] INFO  o.s.context.support.DefaultLifecycleProcessor - Starting beans in phase 0
2018-09-09 18:06:43.325 [main] INFO  fgo.saber.ex.auth.T.T1 - Started T1 in 18.504 seconds (JVM running for 22.104)
2018-09-09 18:06:43.887 [Thread-7] INFO  o.s.w.context.support.GenericWebApplicationContext - Closing org.springframework.web.context.support.GenericWebApplicationContext@11e355ca: startup date [Sun Sep 09 18:06:30 CST 2018]; parent: org.springframework.context.annotation.AnnotationConfigApplicationContext@315ba14a
2018-09-09 18:06:43.893 [Thread-7] INFO  o.s.context.support.DefaultLifecycleProcessor - Stopping beans in phase 0
2018-09-09 18:06:43.894 [Thread-7] INFO  o.s.scheduling.concurrent.ThreadPoolTaskScheduler - Shutting down ExecutorService 'configWatchTaskScheduler'
2018-09-09 18:06:43.896 [Thread-7] INFO  o.s.scheduling.concurrent.ThreadPoolTaskScheduler - Shutting down ExecutorService 'catalogWatchTaskScheduler'
2018-09-09 18:06:43.950 [Thread-7] INFO  com.alibaba.druid.pool.DruidDataSource - {dataSource-1} closed
2018-09-09 18:09:07.449 [main] INFO  o.s.c.a.AnnotationConfigApplicationContext - Refreshing org.springframework.context.annotation.AnnotationConfigApplicationContext@589b028e: startup date [Sun Sep 09 18:09:07 CST 2018]; root of context hierarchy
2018-09-09 18:09:08.317 [main] INFO  o.s.b.f.a.AutowiredAnnotationBeanPostProcessor - JSR-330 'javax.inject.Inject' annotation found and supported for autowiring
2018-09-09 18:09:08.449 [main] INFO  o.s.c.s.PostProcessorRegistrationDelegate$BeanPostProcessorChecker - Bean 'configurationPropertiesRebinderAutoConfiguration' of type [org.springframework.cloud.autoconfigure.ConfigurationPropertiesRebinderAutoConfiguration$$EnhancerBySpringCGLIB$$7ec7b66] is not eligible for getting processed by all BeanPostProcessors (for example: not eligible for auto-proxying)
2018-09-09 18:09:10.521 [main] INFO  o.s.c.b.c.PropertySourceBootstrapConfiguration - Located property source: CompositePropertySource {name='consul', propertySources=[ConsulPropertySource {name='config/saber-auth/'}, ConsulPropertySource {name='config/application/'}]}
2018-09-09 18:09:10.534 [main] INFO  fgo.saber.ex.auth.T.T1 - No active profile set, falling back to default profiles: default
2018-09-09 18:09:10.540 [main] INFO  o.s.w.context.support.GenericWebApplicationContext - Refreshing org.springframework.web.context.support.GenericWebApplicationContext@6f798482: startup date [Sun Sep 09 18:09:10 CST 2018]; parent: org.springframework.context.annotation.AnnotationConfigApplicationContext@589b028e
2018-09-09 18:09:13.093 [main] INFO  o.springframework.cloud.context.scope.GenericScope - BeanFactory id=bb21f7ea-a72a-37bc-9355-892ae0573cdb
2018-09-09 18:09:13.181 [main] INFO  o.s.b.f.a.AutowiredAnnotationBeanPostProcessor - JSR-330 'javax.inject.Inject' annotation found and supported for autowiring
2018-09-09 18:09:13.406 [main] INFO  o.s.c.s.PostProcessorRegistrationDelegate$BeanPostProcessorChecker - Bean 'org.springframework.transaction.annotation.ProxyTransactionManagementConfiguration' of type [org.springframework.transaction.annotation.ProxyTransactionManagementConfiguration$$EnhancerBySpringCGLIB$$ebd27869] is not eligible for getting processed by all BeanPostProcessors (for example: not eligible for auto-proxying)
2018-09-09 18:09:13.489 [main] INFO  o.s.c.s.PostProcessorRegistrationDelegate$BeanPostProcessorChecker - Bean 'org.springframework.cloud.autoconfigure.ConfigurationPropertiesRebinderAutoConfiguration' of type [org.springframework.cloud.autoconfigure.ConfigurationPropertiesRebinderAutoConfiguration$$EnhancerBySpringCGLIB$$7ec7b66] is not eligible for getting processed by all BeanPostProcessors (for example: not eligible for auto-proxying)
2018-09-09 18:09:13.623 [main] INFO  c.a.d.s.b.a.DruidDataSourceAutoConfigure - Init DruidDataSource
2018-09-09 18:09:14.039 [main] INFO  com.alibaba.druid.pool.DruidDataSource - {dataSource-1} inited
2018-09-09 18:09:15.171 [main] WARN  com.netflix.config.sources.URLConfigurationSource - No URLs will be polled as dynamic configuration sources.
2018-09-09 18:09:15.171 [main] INFO  com.netflix.config.sources.URLConfigurationSource - To enable URLs as dynamic configuration sources, define System property archaius.configurationSource.additionalUrls or make config.properties available on classpath.
2018-09-09 18:09:15.193 [main] WARN  com.netflix.config.sources.URLConfigurationSource - No URLs will be polled as dynamic configuration sources.
2018-09-09 18:09:15.193 [main] INFO  com.netflix.config.sources.URLConfigurationSource - To enable URLs as dynamic configuration sources, define System property archaius.configurationSource.additionalUrls or make config.properties available on classpath.
2018-09-09 18:09:15.454 [main] INFO  o.s.web.servlet.handler.SimpleUrlHandlerMapping - Mapped URL path [/**/favicon.ico] onto handler of type [class org.springframework.web.servlet.resource.ResourceHttpRequestHandler]
2018-09-09 18:09:16.079 [main] INFO  o.s.w.s.m.m.a.RequestMappingHandlerAdapter - Looking for @ControllerAdvice: org.springframework.web.context.support.GenericWebApplicationContext@6f798482: startup date [Sun Sep 09 18:09:10 CST 2018]; parent: org.springframework.context.annotation.AnnotationConfigApplicationContext@589b028e
2018-09-09 18:09:16.318 [main] INFO  o.s.w.s.m.m.a.RequestMappingHandlerMapping - Mapped "{[/error]}" onto public org.springframework.http.ResponseEntity<java.util.Map<java.lang.String, java.lang.Object>> org.springframework.boot.autoconfigure.web.servlet.error.BasicErrorController.error(javax.servlet.http.HttpServletRequest)
2018-09-09 18:09:16.321 [main] INFO  o.s.w.s.m.m.a.RequestMappingHandlerMapping - Mapped "{[/error],produces=[text/html]}" onto public org.springframework.web.servlet.ModelAndView org.springframework.boot.autoconfigure.web.servlet.error.BasicErrorController.errorHtml(javax.servlet.http.HttpServletRequest,javax.servlet.http.HttpServletResponse)
2018-09-09 18:09:16.458 [main] INFO  o.s.web.servlet.handler.SimpleUrlHandlerMapping - Mapped URL path [/webjars/**] onto handler of type [class org.springframework.web.servlet.resource.ResourceHttpRequestHandler]
2018-09-09 18:09:16.458 [main] INFO  o.s.web.servlet.handler.SimpleUrlHandlerMapping - Mapped URL path [/**] onto handler of type [class org.springframework.web.servlet.resource.ResourceHttpRequestHandler]
2018-09-09 18:09:20.675 [main] INFO  o.s.scheduling.concurrent.ThreadPoolTaskScheduler - Initializing ExecutorService  'catalogWatchTaskScheduler'
2018-09-09 18:09:20.941 [main] INFO  o.s.scheduling.concurrent.ThreadPoolTaskScheduler - Initializing ExecutorService  'configWatchTaskScheduler'
2018-09-09 18:09:21.023 [main] INFO  o.s.b.actuate.endpoint.web.EndpointLinksResolver - Exposing 2 endpoint(s) beneath base path '/actuator'
2018-09-09 18:09:21.055 [main] INFO  o.s.b.a.e.web.servlet.WebMvcEndpointHandlerMapping - Mapped "{[/actuator/health],methods=[GET],produces=[application/vnd.spring-boot.actuator.v2+json || application/json]}" onto public java.lang.Object org.springframework.boot.actuate.endpoint.web.servlet.AbstractWebMvcEndpointHandlerMapping$OperationHandler.handle(javax.servlet.http.HttpServletRequest,java.util.Map<java.lang.String, java.lang.String>)
2018-09-09 18:09:21.056 [main] INFO  o.s.b.a.e.web.servlet.WebMvcEndpointHandlerMapping - Mapped "{[/actuator/info],methods=[GET],produces=[application/vnd.spring-boot.actuator.v2+json || application/json]}" onto public java.lang.Object org.springframework.boot.actuate.endpoint.web.servlet.AbstractWebMvcEndpointHandlerMapping$OperationHandler.handle(javax.servlet.http.HttpServletRequest,java.util.Map<java.lang.String, java.lang.String>)
2018-09-09 18:09:21.057 [main] INFO  o.s.b.a.e.web.servlet.WebMvcEndpointHandlerMapping - Mapped "{[/actuator],methods=[GET],produces=[application/vnd.spring-boot.actuator.v2+json || application/json]}" onto protected java.util.Map<java.lang.String, java.util.Map<java.lang.String, org.springframework.boot.actuate.endpoint.web.Link>> org.springframework.boot.actuate.endpoint.web.servlet.WebMvcEndpointHandlerMapping.links(javax.servlet.http.HttpServletRequest,javax.servlet.http.HttpServletResponse)
2018-09-09 18:09:21.341 [main] INFO  o.s.context.support.DefaultLifecycleProcessor - Starting beans in phase 0
2018-09-09 18:09:21.397 [main] INFO  fgo.saber.ex.auth.T.T1 - Started T1 in 15.663 seconds (JVM running for 19.589)
2018-09-09 18:15:26.362 [Thread-7] INFO  o.s.w.context.support.GenericWebApplicationContext - Closing org.springframework.web.context.support.GenericWebApplicationContext@6f798482: startup date [Sun Sep 09 18:09:10 CST 2018]; parent: org.springframework.context.annotation.AnnotationConfigApplicationContext@589b028e
2018-09-09 18:15:26.392 [Thread-7] INFO  o.s.context.support.DefaultLifecycleProcessor - Stopping beans in phase 0
2018-09-09 18:15:26.405 [Thread-7] INFO  o.s.scheduling.concurrent.ThreadPoolTaskScheduler - Shutting down ExecutorService 'configWatchTaskScheduler'
2018-09-09 18:15:26.409 [Thread-7] INFO  o.s.scheduling.concurrent.ThreadPoolTaskScheduler - Shutting down ExecutorService 'catalogWatchTaskScheduler'
2018-09-09 18:15:26.424 [Thread-7] INFO  com.alibaba.druid.pool.DruidDataSource - {dataSource-1} closed
2018-09-09 18:29:36.040 [main] INFO  o.s.c.a.AnnotationConfigApplicationContext - Refreshing org.springframework.context.annotation.AnnotationConfigApplicationContext@777c9dc9: startup date [Sun Sep 09 18:29:36 CST 2018]; root of context hierarchy
2018-09-09 18:29:36.449 [main] INFO  o.s.b.f.a.AutowiredAnnotationBeanPostProcessor - JSR-330 'javax.inject.Inject' annotation found and supported for autowiring
2018-09-09 18:29:36.500 [main] INFO  o.s.c.s.PostProcessorRegistrationDelegate$BeanPostProcessorChecker - Bean 'configurationPropertiesRebinderAutoConfiguration' of type [org.springframework.cloud.autoconfigure.ConfigurationPropertiesRebinderAutoConfiguration$$EnhancerBySpringCGLIB$$df0d1a7f] is not eligible for getting processed by all BeanPostProcessors (for example: not eligible for auto-proxying)
2018-09-09 18:29:38.069 [main] INFO  o.s.c.b.c.PropertySourceBootstrapConfiguration - Located property source: CompositePropertySource {name='consul', propertySources=[ConsulPropertySource {name='config/saber-auth/'}, ConsulPropertySource {name='config/application/'}]}
2018-09-09 18:29:38.082 [main] INFO  fgo.saber.ex.auth.T.T1 - No active profile set, falling back to default profiles: default
2018-09-09 18:29:38.089 [main] INFO  o.s.w.context.support.GenericWebApplicationContext - Refreshing org.springframework.web.context.support.GenericWebApplicationContext@1b5a1d85: startup date [Sun Sep 09 18:29:38 CST 2018]; parent: org.springframework.context.annotation.AnnotationConfigApplicationContext@777c9dc9
2018-09-09 18:29:40.556 [main] INFO  o.springframework.cloud.context.scope.GenericScope - BeanFactory id=bb21f7ea-a72a-37bc-9355-892ae0573cdb
2018-09-09 18:29:40.657 [main] INFO  o.s.b.f.a.AutowiredAnnotationBeanPostProcessor - JSR-330 'javax.inject.Inject' annotation found and supported for autowiring
2018-09-09 18:29:40.823 [main] INFO  o.s.c.s.PostProcessorRegistrationDelegate$BeanPostProcessorChecker - Bean 'org.springframework.transaction.annotation.ProxyTransactionManagementConfiguration' of type [org.springframework.transaction.annotation.ProxyTransactionManagementConfiguration$$EnhancerBySpringCGLIB$$c2f31782] is not eligible for getting processed by all BeanPostProcessors (for example: not eligible for auto-proxying)
2018-09-09 18:29:40.872 [main] INFO  o.s.c.s.PostProcessorRegistrationDelegate$BeanPostProcessorChecker - Bean 'org.springframework.cloud.autoconfigure.ConfigurationPropertiesRebinderAutoConfiguration' of type [org.springframework.cloud.autoconfigure.ConfigurationPropertiesRebinderAutoConfiguration$$EnhancerBySpringCGLIB$$df0d1a7f] is not eligible for getting processed by all BeanPostProcessors (for example: not eligible for auto-proxying)
2018-09-09 18:29:40.977 [main] INFO  c.a.d.s.b.a.DruidDataSourceAutoConfigure - Init DruidDataSource
2018-09-09 18:29:41.345 [main] INFO  com.alibaba.druid.pool.DruidDataSource - {dataSource-1} inited
2018-09-09 18:29:41.676 [main] WARN  o.s.w.context.support.GenericWebApplicationContext - Exception encountered during context initialization - cancelling refresh attempt: org.springframework.beans.factory.UnsatisfiedDependencyException: Error creating bean with name 'deptMapper' defined in file [E:\workspace1\saber-blog\saber-provider-service\saber-auth\auth\target\classes\fgo\saber\ex\auth\dao\DeptMapper.class]: Unsatisfied dependency expressed through bean property 'sqlSessionFactory'; nested exception is org.springframework.beans.factory.BeanCreationException: Error creating bean with name 'sqlSessionFactory' defined in class path resource [org/mybatis/spring/boot/autoconfigure/MybatisAutoConfiguration.class]: Bean instantiation via factory method failed; nested exception is org.springframework.beans.BeanInstantiationException: Failed to instantiate [org.apache.ibatis.session.SqlSessionFactory]: Factory method 'sqlSessionFactory' threw exception; nested exception is org.springframework.core.NestedIOException: Failed to parse mapping resource: 'file [E:\workspace1\saber-blog\saber-provider-service\saber-auth\auth\target\classes\mapper\DeptMapper.xml]'; nested exception is org.apache.ibatis.builder.BuilderException: Error parsing Mapper XML. The XML location is 'file [E:\workspace1\saber-blog\saber-provider-service\saber-auth\auth\target\classes\mapper\DeptMapper.xml]'. Cause: java.lang.IllegalArgumentException: Result Maps collection already contains value for fgo.saber.ex.auth.dao.DeptMapper.BaseResultMap
2018-09-09 18:29:41.680 [main] INFO  com.alibaba.druid.pool.DruidDataSource - {dataSource-1} closed
2018-09-09 18:29:41.697 [main] INFO  o.s.b.a.l.ConditionEvaluationReportLoggingListener - 

Error starting ApplicationContext. To display the conditions report re-run your application with 'debug' enabled.
2018-09-09 18:33:55.851 [main] INFO  o.s.c.a.AnnotationConfigApplicationContext - Refreshing org.springframework.context.annotation.AnnotationConfigApplicationContext@1d035be3: startup date [Sun Sep 09 18:33:55 CST 2018]; root of context hierarchy
2018-09-09 18:33:56.676 [main] INFO  o.s.b.f.a.AutowiredAnnotationBeanPostProcessor - JSR-330 'javax.inject.Inject' annotation found and supported for autowiring
2018-09-09 18:33:56.780 [main] INFO  o.s.c.s.PostProcessorRegistrationDelegate$BeanPostProcessorChecker - Bean 'configurationPropertiesRebinderAutoConfiguration' of type [org.springframework.cloud.autoconfigure.ConfigurationPropertiesRebinderAutoConfiguration$$EnhancerBySpringCGLIB$$f275c9f6] is not eligible for getting processed by all BeanPostProcessors (for example: not eligible for auto-proxying)
2018-09-09 18:33:58.577 [main] INFO  o.s.c.b.c.PropertySourceBootstrapConfiguration - Located property source: CompositePropertySource {name='consul', propertySources=[ConsulPropertySource {name='config/saber-auth/'}, ConsulPropertySource {name='config/application/'}]}
2018-09-09 18:33:58.591 [main] INFO  fgo.saber.ex.auth.T.T1 - No active profile set, falling back to default profiles: default
2018-09-09 18:33:58.600 [main] INFO  o.s.w.context.support.GenericWebApplicationContext - Refreshing org.springframework.web.context.support.GenericWebApplicationContext@77dba4cd: startup date [Sun Sep 09 18:33:58 CST 2018]; parent: org.springframework.context.annotation.AnnotationConfigApplicationContext@1d035be3
2018-09-09 18:34:01.920 [main] INFO  o.springframework.cloud.context.scope.GenericScope - BeanFactory id=bb21f7ea-a72a-37bc-9355-892ae0573cdb
2018-09-09 18:34:02.067 [main] INFO  o.s.b.f.a.AutowiredAnnotationBeanPostProcessor - JSR-330 'javax.inject.Inject' annotation found and supported for autowiring
2018-09-09 18:34:02.467 [main] INFO  o.s.c.s.PostProcessorRegistrationDelegate$BeanPostProcessorChecker - Bean 'org.springframework.transaction.annotation.ProxyTransactionManagementConfiguration' of type [org.springframework.transaction.annotation.ProxyTransactionManagementConfiguration$$EnhancerBySpringCGLIB$$d65bc6f9] is not eligible for getting processed by all BeanPostProcessors (for example: not eligible for auto-proxying)
2018-09-09 18:34:02.618 [main] INFO  o.s.c.s.PostProcessorRegistrationDelegate$BeanPostProcessorChecker - Bean 'org.springframework.cloud.autoconfigure.ConfigurationPropertiesRebinderAutoConfiguration' of type [org.springframework.cloud.autoconfigure.ConfigurationPropertiesRebinderAutoConfiguration$$EnhancerBySpringCGLIB$$f275c9f6] is not eligible for getting processed by all BeanPostProcessors (for example: not eligible for auto-proxying)
2018-09-09 18:34:02.858 [main] INFO  c.a.d.s.b.a.DruidDataSourceAutoConfigure - Init DruidDataSource
2018-09-09 18:34:03.347 [main] INFO  com.alibaba.druid.pool.DruidDataSource - {dataSource-1} inited
2018-09-09 18:34:04.678 [main] WARN  com.netflix.config.sources.URLConfigurationSource - No URLs will be polled as dynamic configuration sources.
2018-09-09 18:34:04.678 [main] INFO  com.netflix.config.sources.URLConfigurationSource - To enable URLs as dynamic configuration sources, define System property archaius.configurationSource.additionalUrls or make config.properties available on classpath.
2018-09-09 18:34:04.705 [main] WARN  com.netflix.config.sources.URLConfigurationSource - No URLs will be polled as dynamic configuration sources.
2018-09-09 18:34:04.706 [main] INFO  com.netflix.config.sources.URLConfigurationSource - To enable URLs as dynamic configuration sources, define System property archaius.configurationSource.additionalUrls or make config.properties available on classpath.
2018-09-09 18:34:05.047 [main] INFO  o.s.web.servlet.handler.SimpleUrlHandlerMapping - Mapped URL path [/**/favicon.ico] onto handler of type [class org.springframework.web.servlet.resource.ResourceHttpRequestHandler]
2018-09-09 18:34:05.917 [main] INFO  o.s.w.s.m.m.a.RequestMappingHandlerAdapter - Looking for @ControllerAdvice: org.springframework.web.context.support.GenericWebApplicationContext@77dba4cd: startup date [Sun Sep 09 18:33:58 CST 2018]; parent: org.springframework.context.annotation.AnnotationConfigApplicationContext@1d035be3
2018-09-09 18:34:06.183 [main] INFO  o.s.w.s.m.m.a.RequestMappingHandlerMapping - Mapped "{[/error]}" onto public org.springframework.http.ResponseEntity<java.util.Map<java.lang.String, java.lang.Object>> org.springframework.boot.autoconfigure.web.servlet.error.BasicErrorController.error(javax.servlet.http.HttpServletRequest)
2018-09-09 18:34:06.188 [main] INFO  o.s.w.s.m.m.a.RequestMappingHandlerMapping - Mapped "{[/error],produces=[text/html]}" onto public org.springframework.web.servlet.ModelAndView org.springframework.boot.autoconfigure.web.servlet.error.BasicErrorController.errorHtml(javax.servlet.http.HttpServletRequest,javax.servlet.http.HttpServletResponse)
2018-09-09 18:34:06.288 [main] INFO  o.s.web.servlet.handler.SimpleUrlHandlerMapping - Mapped URL path [/webjars/**] onto handler of type [class org.springframework.web.servlet.resource.ResourceHttpRequestHandler]
2018-09-09 18:34:06.289 [main] INFO  o.s.web.servlet.handler.SimpleUrlHandlerMapping - Mapped URL path [/**] onto handler of type [class org.springframework.web.servlet.resource.ResourceHttpRequestHandler]
2018-09-09 18:34:10.415 [main] INFO  o.s.scheduling.concurrent.ThreadPoolTaskScheduler - Initializing ExecutorService  'catalogWatchTaskScheduler'
2018-09-09 18:34:10.763 [main] INFO  o.s.scheduling.concurrent.ThreadPoolTaskScheduler - Initializing ExecutorService  'configWatchTaskScheduler'
2018-09-09 18:34:10.823 [main] INFO  o.s.b.actuate.endpoint.web.EndpointLinksResolver - Exposing 2 endpoint(s) beneath base path '/actuator'
2018-09-09 18:34:10.844 [main] INFO  o.s.b.a.e.web.servlet.WebMvcEndpointHandlerMapping - Mapped "{[/actuator/health],methods=[GET],produces=[application/vnd.spring-boot.actuator.v2+json || application/json]}" onto public java.lang.Object org.springframework.boot.actuate.endpoint.web.servlet.AbstractWebMvcEndpointHandlerMapping$OperationHandler.handle(javax.servlet.http.HttpServletRequest,java.util.Map<java.lang.String, java.lang.String>)
2018-09-09 18:34:10.847 [main] INFO  o.s.b.a.e.web.servlet.WebMvcEndpointHandlerMapping - Mapped "{[/actuator/info],methods=[GET],produces=[application/vnd.spring-boot.actuator.v2+json || application/json]}" onto public java.lang.Object org.springframework.boot.actuate.endpoint.web.servlet.AbstractWebMvcEndpointHandlerMapping$OperationHandler.handle(javax.servlet.http.HttpServletRequest,java.util.Map<java.lang.String, java.lang.String>)
2018-09-09 18:34:10.848 [main] INFO  o.s.b.a.e.web.servlet.WebMvcEndpointHandlerMapping - Mapped "{[/actuator],methods=[GET],produces=[application/vnd.spring-boot.actuator.v2+json || application/json]}" onto protected java.util.Map<java.lang.String, java.util.Map<java.lang.String, org.springframework.boot.actuate.endpoint.web.Link>> org.springframework.boot.actuate.endpoint.web.servlet.WebMvcEndpointHandlerMapping.links(javax.servlet.http.HttpServletRequest,javax.servlet.http.HttpServletResponse)
2018-09-09 18:34:11.160 [main] INFO  o.s.context.support.DefaultLifecycleProcessor - Starting beans in phase 0
2018-09-09 18:34:11.199 [main] INFO  fgo.saber.ex.auth.T.T1 - Started T1 in 16.854 seconds (JVM running for 20.862)
2018-09-09 18:34:15.913 [main] INFO  o.s.beans.factory.xml.XmlBeanDefinitionReader - Loading XML bean definitions from class path resource [org/springframework/jdbc/support/sql-error-codes.xml]
2018-09-09 18:34:28.128 [Thread-7] INFO  o.s.w.context.support.GenericWebApplicationContext - Closing org.springframework.web.context.support.GenericWebApplicationContext@77dba4cd: startup date [Sun Sep 09 18:33:58 CST 2018]; parent: org.springframework.context.annotation.AnnotationConfigApplicationContext@1d035be3
2018-09-09 18:34:28.134 [Thread-7] INFO  o.s.context.support.DefaultLifecycleProcessor - Stopping beans in phase 0
2018-09-09 18:34:28.136 [Thread-7] INFO  o.s.scheduling.concurrent.ThreadPoolTaskScheduler - Shutting down ExecutorService 'configWatchTaskScheduler'
2018-09-09 18:34:28.139 [Thread-7] INFO  o.s.scheduling.concurrent.ThreadPoolTaskScheduler - Shutting down ExecutorService 'catalogWatchTaskScheduler'
2018-09-09 18:34:28.162 [Thread-7] INFO  com.alibaba.druid.pool.DruidDataSource - {dataSource-1} closed
2018-09-09 18:34:54.681 [main] INFO  o.s.c.a.AnnotationConfigApplicationContext - Refreshing org.springframework.context.annotation.AnnotationConfigApplicationContext@62df0ff3: startup date [Sun Sep 09 18:34:54 CST 2018]; root of context hierarchy
2018-09-09 18:34:55.313 [main] INFO  o.s.b.f.a.AutowiredAnnotationBeanPostProcessor - JSR-330 'javax.inject.Inject' annotation found and supported for autowiring
2018-09-09 18:34:55.403 [main] INFO  o.s.c.s.PostProcessorRegistrationDelegate$BeanPostProcessorChecker - Bean 'configurationPropertiesRebinderAutoConfiguration' of type [org.springframework.cloud.autoconfigure.ConfigurationPropertiesRebinderAutoConfiguration$$EnhancerBySpringCGLIB$$2dcb180d] is not eligible for getting processed by all BeanPostProcessors (for example: not eligible for auto-proxying)
2018-09-09 18:34:57.206 [main] INFO  o.s.c.b.c.PropertySourceBootstrapConfiguration - Located property source: CompositePropertySource {name='consul', propertySources=[ConsulPropertySource {name='config/saber-auth/'}, ConsulPropertySource {name='config/application/'}]}
2018-09-09 18:34:57.221 [main] INFO  fgo.saber.ex.auth.T.T1 - No active profile set, falling back to default profiles: default
2018-09-09 18:34:57.227 [main] INFO  o.s.w.context.support.GenericWebApplicationContext - Refreshing org.springframework.web.context.support.GenericWebApplicationContext@3d19d85: startup date [Sun Sep 09 18:34:57 CST 2018]; parent: org.springframework.context.annotation.AnnotationConfigApplicationContext@62df0ff3
2018-09-09 18:35:00.744 [main] INFO  o.springframework.cloud.context.scope.GenericScope - BeanFactory id=bb21f7ea-a72a-37bc-9355-892ae0573cdb
2018-09-09 18:35:00.973 [main] INFO  o.s.b.f.a.AutowiredAnnotationBeanPostProcessor - JSR-330 'javax.inject.Inject' annotation found and supported for autowiring
2018-09-09 18:35:01.400 [main] INFO  o.s.c.s.PostProcessorRegistrationDelegate$BeanPostProcessorChecker - Bean 'org.springframework.transaction.annotation.ProxyTransactionManagementConfiguration' of type [org.springframework.transaction.annotation.ProxyTransactionManagementConfiguration$$EnhancerBySpringCGLIB$$11b11510] is not eligible for getting processed by all BeanPostProcessors (for example: not eligible for auto-proxying)
2018-09-09 18:35:01.498 [main] INFO  o.s.c.s.PostProcessorRegistrationDelegate$BeanPostProcessorChecker - Bean 'org.springframework.cloud.autoconfigure.ConfigurationPropertiesRebinderAutoConfiguration' of type [org.springframework.cloud.autoconfigure.ConfigurationPropertiesRebinderAutoConfiguration$$EnhancerBySpringCGLIB$$2dcb180d] is not eligible for getting processed by all BeanPostProcessors (for example: not eligible for auto-proxying)
2018-09-09 18:35:01.822 [main] INFO  c.a.d.s.b.a.DruidDataSourceAutoConfigure - Init DruidDataSource
2018-09-09 18:35:02.784 [main] INFO  com.alibaba.druid.pool.DruidDataSource - {dataSource-1} inited
2018-09-09 18:35:04.441 [main] WARN  com.netflix.config.sources.URLConfigurationSource - No URLs will be polled as dynamic configuration sources.
2018-09-09 18:35:04.449 [main] INFO  com.netflix.config.sources.URLConfigurationSource - To enable URLs as dynamic configuration sources, define System property archaius.configurationSource.additionalUrls or make config.properties available on classpath.
2018-09-09 18:35:04.467 [main] WARN  com.netflix.config.sources.URLConfigurationSource - No URLs will be polled as dynamic configuration sources.
2018-09-09 18:35:04.468 [main] INFO  com.netflix.config.sources.URLConfigurationSource - To enable URLs as dynamic configuration sources, define System property archaius.configurationSource.additionalUrls or make config.properties available on classpath.
2018-09-09 18:35:04.830 [main] INFO  o.s.web.servlet.handler.SimpleUrlHandlerMapping - Mapped URL path [/**/favicon.ico] onto handler of type [class org.springframework.web.servlet.resource.ResourceHttpRequestHandler]
2018-09-09 18:35:05.544 [main] INFO  o.s.w.s.m.m.a.RequestMappingHandlerAdapter - Looking for @ControllerAdvice: org.springframework.web.context.support.GenericWebApplicationContext@3d19d85: startup date [Sun Sep 09 18:34:57 CST 2018]; parent: org.springframework.context.annotation.AnnotationConfigApplicationContext@62df0ff3
2018-09-09 18:35:05.745 [main] INFO  o.s.w.s.m.m.a.RequestMappingHandlerMapping - Mapped "{[/error]}" onto public org.springframework.http.ResponseEntity<java.util.Map<java.lang.String, java.lang.Object>> org.springframework.boot.autoconfigure.web.servlet.error.BasicErrorController.error(javax.servlet.http.HttpServletRequest)
2018-09-09 18:35:05.747 [main] INFO  o.s.w.s.m.m.a.RequestMappingHandlerMapping - Mapped "{[/error],produces=[text/html]}" onto public org.springframework.web.servlet.ModelAndView org.springframework.boot.autoconfigure.web.servlet.error.BasicErrorController.errorHtml(javax.servlet.http.HttpServletRequest,javax.servlet.http.HttpServletResponse)
2018-09-09 18:35:05.920 [main] INFO  o.s.web.servlet.handler.SimpleUrlHandlerMapping - Mapped URL path [/webjars/**] onto handler of type [class org.springframework.web.servlet.resource.ResourceHttpRequestHandler]
2018-09-09 18:35:05.920 [main] INFO  o.s.web.servlet.handler.SimpleUrlHandlerMapping - Mapped URL path [/**] onto handler of type [class org.springframework.web.servlet.resource.ResourceHttpRequestHandler]
2018-09-09 18:35:10.335 [main] INFO  o.s.scheduling.concurrent.ThreadPoolTaskScheduler - Initializing ExecutorService  'catalogWatchTaskScheduler'
2018-09-09 18:35:10.698 [main] INFO  o.s.scheduling.concurrent.ThreadPoolTaskScheduler - Initializing ExecutorService  'configWatchTaskScheduler'
2018-09-09 18:35:10.812 [main] INFO  o.s.b.actuate.endpoint.web.EndpointLinksResolver - Exposing 2 endpoint(s) beneath base path '/actuator'
2018-09-09 18:35:10.849 [main] INFO  o.s.b.a.e.web.servlet.WebMvcEndpointHandlerMapping - Mapped "{[/actuator/health],methods=[GET],produces=[application/vnd.spring-boot.actuator.v2+json || application/json]}" onto public java.lang.Object org.springframework.boot.actuate.endpoint.web.servlet.AbstractWebMvcEndpointHandlerMapping$OperationHandler.handle(javax.servlet.http.HttpServletRequest,java.util.Map<java.lang.String, java.lang.String>)
2018-09-09 18:35:10.850 [main] INFO  o.s.b.a.e.web.servlet.WebMvcEndpointHandlerMapping - Mapped "{[/actuator/info],methods=[GET],produces=[application/vnd.spring-boot.actuator.v2+json || application/json]}" onto public java.lang.Object org.springframework.boot.actuate.endpoint.web.servlet.AbstractWebMvcEndpointHandlerMapping$OperationHandler.handle(javax.servlet.http.HttpServletRequest,java.util.Map<java.lang.String, java.lang.String>)
2018-09-09 18:35:10.854 [main] INFO  o.s.b.a.e.web.servlet.WebMvcEndpointHandlerMapping - Mapped "{[/actuator],methods=[GET],produces=[application/vnd.spring-boot.actuator.v2+json || application/json]}" onto protected java.util.Map<java.lang.String, java.util.Map<java.lang.String, org.springframework.boot.actuate.endpoint.web.Link>> org.springframework.boot.actuate.endpoint.web.servlet.WebMvcEndpointHandlerMapping.links(javax.servlet.http.HttpServletRequest,javax.servlet.http.HttpServletResponse)
2018-09-09 18:35:11.193 [main] INFO  o.s.context.support.DefaultLifecycleProcessor - Starting beans in phase 0
2018-09-09 18:35:11.225 [main] INFO  fgo.saber.ex.auth.T.T1 - Started T1 in 18.711 seconds (JVM running for 22.838)
2018-09-09 18:35:49.212 [Thread-5] INFO  o.s.w.context.support.GenericWebApplicationContext - Closing org.springframework.web.context.support.GenericWebApplicationContext@3d19d85: startup date [Sun Sep 09 18:34:57 CST 2018]; parent: org.springframework.context.annotation.AnnotationConfigApplicationContext@62df0ff3
2018-09-09 18:35:49.225 [Thread-5] INFO  o.s.context.support.DefaultLifecycleProcessor - Stopping beans in phase 0
2018-09-09 18:35:49.235 [Thread-5] INFO  o.s.scheduling.concurrent.ThreadPoolTaskScheduler - Shutting down ExecutorService 'configWatchTaskScheduler'
2018-09-09 18:35:49.245 [Thread-5] INFO  o.s.scheduling.concurrent.ThreadPoolTaskScheduler - Shutting down ExecutorService 'catalogWatchTaskScheduler'
2018-09-09 18:35:49.281 [Thread-5] INFO  com.alibaba.druid.pool.DruidDataSource - {dataSource-1} closed
